<?xml version="1.0" encoding="UTF-8"?>
<!-- Generated by org.testng.reporters.JUnitXMLReporter -->
<testsuite hostname="DESKTOP-RKQETD7" ignored="0" name="Default test" tests="2" failures="0" timestamp="24 Jul 2020 19:01:53 GMT" time="0.996" errors="0">
  <testcase name="@BeforeTest BeforeTest" time="0.0" classname="TestCases.SeleniumByTestNG">
    <failure type="org.testng.TestNGException" message="
Parameter &amp;apos;browser&amp;apos; is required by BeforeTest on method BeforeTest but has not been marked @Optional or defined
in C:\Users\User\AppData\Local\Temp\testng-eclipse--1413590012\testng-customsuite.xml">
      <![CDATA[org.testng.TestNGException: 
Parameter 'browser' is required by BeforeTest on method BeforeTest but has not been marked @Optional or defined
in C:\Users\User\AppData\Local\Temp\testng-eclipse--1413590012\testng-customsuite.xml
at org.testng.internal.Parameters.createParams(Parameters.java:290)
at org.testng.internal.Parameters.createParametersForMethod(Parameters.java:359)
at org.testng.internal.Parameters.createParameters(Parameters.java:620)
at org.testng.internal.Parameters.createConfigurationParameters(Parameters.java:190)
at org.testng.internal.Invoker.invokeConfigurations(Invoker.java:209)
at org.testng.internal.Invoker.invokeConfigurations(Invoker.java:142)
at org.testng.TestRunner.beforeRun(TestRunner.java:529)
at org.testng.TestRunner.run(TestRunner.java:497)
at org.testng.SuiteRunner.runTest(SuiteRunner.java:455)
at org.testng.SuiteRunner.runSequentially(SuiteRunner.java:450)
at org.testng.SuiteRunner.privateRun(SuiteRunner.java:415)
at org.testng.SuiteRunner.run(SuiteRunner.java:364)
at org.testng.SuiteRunnerWorker.runSuite(SuiteRunnerWorker.java:52)
at org.testng.SuiteRunnerWorker.run(SuiteRunnerWorker.java:84)
at org.testng.TestNG.runSuitesSequentially(TestNG.java:1208)
at org.testng.TestNG.runSuitesLocally(TestNG.java:1137)
at org.testng.TestNG.runSuites(TestNG.java:1049)
at org.testng.TestNG.run(TestNG.java:1017)
at org.testng.remote.AbstractRemoteTestNG.run(AbstractRemoteTestNG.java:114)
at org.testng.remote.RemoteTestNG.initAndRun(RemoteTestNG.java:251)
at org.testng.remote.RemoteTestNG.main(RemoteTestNG.java:77)
]]>
    </failure>
  </testcase> <!-- @BeforeTest BeforeTest -->
  <testcase name="@AfterTest TearDown" time="0.0" classname="TestCases.SeleniumByTestNG">
    <skipped/>
  </testcase> <!-- @AfterTest TearDown -->
  <testcase name="TestCases1" time="0.0" classname="TestCases.SeleniumByTestNG">
    <skipped/>
  </testcase> <!-- TestCases1 -->
  <testcase name="TestCases1" time="0.0" classname="TestCases.SeleniumByTestNG">
    <skipped/>
  </testcase> <!-- TestCases1 -->
</testsuite> <!-- Default test -->
