<?xml version="1.0" encoding="UTF-8"?>
<!-- Generated by org.testng.reporters.JUnitXMLReporter -->
<testsuite ignored="0" hostname="DESKTOP-8AND331" failures="0" tests="2" name="Test" time="0.842" errors="0" timestamp="29 Jul. 2020 20:10:10 GMT">
  <testcase classname="CommonLIB.TestNgFrameWorkBasic" name="@BeforeTest BeforeTest" time="0.0">
    <failure type="org.testng.TestNGException" message="
Parameter &amp;apos;browser&amp;apos; is required by BeforeTest on method BeforeTest but has not been marked @Optional or defined
in D:\avik\newAvik\SeleniumTestNGMavenExtentReport_Basic\testng.xml">
      <![CDATA[org.testng.TestNGException: 
Parameter 'browser' is required by BeforeTest on method BeforeTest but has not been marked @Optional or defined
in D:\avik\newAvik\SeleniumTestNGMavenExtentReport_Basic\testng.xml
... Removed 21 stack frames]]>
    </failure>
  </testcase> <!-- @BeforeTest BeforeTest -->
  <testcase classname="CommonLIB.TestNgFrameWorkBasic" name="@AfterTest TearDown" time="0.0">
    <skipped/>
  </testcase> <!-- @AfterTest TearDown -->
  <testcase classname="TestCases.SeleniumByTestNG" name="TestCases1" time="0.0">
    <skipped/>
  </testcase> <!-- TestCases1 -->
  <testcase classname="TestCases.SeleniumByTestNG" name="TestCases1" time="0.0">
    <skipped/>
  </testcase> <!-- TestCases1 -->
</testsuite> <!-- Test -->
