<!DOCTYPE html PUBLIC "-//W3C//DTD XHTML 1.1//EN" "http://www.w3.org/TR/xhtml11/DTD/xhtml11.dtd">
<html xmlns="http://www.w3.org/1999/xhtml">
<head>
<meta http-equiv="content-type" content="text/html; charset=UTF-8"/>
<title>TestNG Report</title>
<style type="text/css">table {margin-bottom:10px;border-collapse:collapse;empty-cells:show}th,td {border:1px solid #009;padding:.25em .5em}th {vertical-align:bottom}td {vertical-align:top}table a {font-weight:bold}.stripe td {background-color: #E6EBF9}.num {text-align:right}.passedodd td {background-color: #3F3}.passedeven td {background-color: #0A0}.skippedodd td {background-color: #DDD}.skippedeven td {background-color: #CCC}.failedodd td,.attn {background-color: #F33}.failedeven td,.stripe .attn {background-color: #D00}.stacktrace {white-space:pre;font-family:monospace}.totop {font-size:85%;text-align:center;border-bottom:2px solid #000}.invisible {display:none}</style>
</head>
<body>
<table>
<tr><th>Test</th><th># Passed</th><th># Skipped</th><th># Failed</th><th>Time (ms)</th><th>Included Groups</th><th>Excluded Groups</th></tr>
<tr><th colspan="7">Suite</th></tr>
<tr><td><a href="#t0">Functional</a></td><td class="num">1</td><td class="num">0</td><td class="num attn">1</td><td class="num">31,575</td><td></td><td></td></tr>
</table>
<table id='summary'><thead><tr><th>Class</th><th>Method</th><th>Start</th><th>Time (ms)</th></tr></thead><tbody><tr><th colspan="4">Suite</th></tr></tbody><tbody id="t0"><tr><th colspan="4">Functional &#8212; failed (configuration methods)</th></tr><tr class="failedeven"><td rowspan="1">TestCases.HeroHomePageTest</td><td><a href="#m0">TearDown</a></td><td rowspan="1">1596151562361</td><td rowspan="1">236</td></tr><tr><th colspan="4">Functional &#8212; failed</th></tr><tr class="failedeven"><td rowspan="1">TestCases.Hero2ContextTest</td><td><a href="#m1">Hero_Context</a></td><td rowspan="1">1596151538642</td><td rowspan="1">11690</td></tr><tr><th colspan="4">Functional &#8212; skipped (configuration methods)</th></tr><tr class="skippedeven"><td rowspan="1">TestCases.HeroHomePageTest</td><td><a href="#m2">Cleaning</a></td><td rowspan="1">1596151563007</td><td rowspan="1">0</td></tr><tr><th colspan="4">Functional &#8212; passed</th></tr><tr class="passedeven"><td rowspan="1">TestCases.HeroHomePageTest</td><td><a href="#m3">Hero_ContextMenu</a></td><td rowspan="1">1596151537036</td><td rowspan="1">1284</td></tr></tbody>
</table>
<h2>Functional</h2><h3 id="m0">TestCases.HeroHomePageTest#TearDown</h3><table class="result"><tr><th>Exception</th></tr><tr><td><div class="stacktrace">org.openqa.selenium.WebDriverException: chrome not reachable
  (Session info: chrome=84.0.4147.89)
Build info: version: &apos;3.11.0&apos;, revision: &apos;e59cfb3&apos;, time: &apos;2018-03-11T20:26:55.152Z&apos;
System info: host: &apos;DESKTOP-8AND331&apos;, ip: &apos;192.168.0.14&apos;, os.name: &apos;Windows 10&apos;, os.arch: &apos;amd64&apos;, os.version: &apos;10.0&apos;, java.version: &apos;13.0.1&apos;
Driver info: org.openqa.selenium.chrome.ChromeDriver
Capabilities {acceptInsecureCerts: false, browserName: chrome, browserVersion: 84.0.4147.89, chrome: {chromedriverVersion: 84.0.4147.30 (48b3e868b4cc0..., userDataDir: C:\Users\GARIMA~1\AppData\L...}, goog:chromeOptions: {debuggerAddress: localhost:53342}, javascriptEnabled: true, networkConnectionEnabled: false, pageLoadStrategy: normal, platform: WINDOWS, platformName: WINDOWS, proxy: Proxy(), setWindowRect: true, strictFileInteractability: false, timeouts: {implicit: 0, pageLoad: 300000, script: 30000}, unhandledPromptBehavior: dismiss and notify, webauthn:virtualAuthenticators: true}
Session ID: 4d23ef8c5431006e92d7bbcf2b2c16f4
	at org.openqa.selenium.remote.http.W3CHttpResponseCodec.createException(W3CHttpResponseCodec.java:187)
	at org.openqa.selenium.remote.http.W3CHttpResponseCodec.decode(W3CHttpResponseCodec.java:122)
	at org.openqa.selenium.remote.http.W3CHttpResponseCodec.decode(W3CHttpResponseCodec.java:49)
	at org.openqa.selenium.remote.HttpCommandExecutor.execute(HttpCommandExecutor.java:158)
	at org.openqa.selenium.remote.service.DriverCommandExecutor.execute(DriverCommandExecutor.java:83)
	at org.openqa.selenium.remote.RemoteWebDriver.execute(RemoteWebDriver.java:545)
	at org.openqa.selenium.remote.RemoteWebDriver.execute(RemoteWebDriver.java:602)
	at org.openqa.selenium.remote.RemoteWebDriver.close(RemoteWebDriver.java:435)
	at CommonLIB.GetBrowserElement.BrowserClosing(GetBrowserElement.java:46)
	at CommonLIB.TestNgFrameWorkBasic.TearDown(TestNgFrameWorkBasic.java:20)
... Removed 29 stack frames</div></td></tr></table><p class="totop"><a href="#summary">back to summary</a></p>
<h3 id="m1">TestCases.Hero2ContextTest#Hero_Context</h3><table class="result"><tr><th>Exception</th></tr><tr><td><div class="stacktrace">java.lang.IndexOutOfBoundsException: Index: 0
	at java.base/java.util.Collections$EmptyList.get(Collections.java:4483)
	at CommonLIB.GetBrowserElement.getWebElementByXpath(GetBrowserElement.java:85)
	at PageWiseLIB.Hero2ContextMenuPageLIB.HeroContext(Hero2ContextMenuPageLIB.java:16)
	at TestCases.Hero2ContextTest.Hero_Context(Hero2ContextTest.java:16)
... Removed 25 stack frames</div></td></tr></table><p class="totop"><a href="#summary">back to summary</a></p>
<h3 id="m2">TestCases.HeroHomePageTest#Cleaning</h3><table class="result"><tr><th class="invisible"/></tr></table><p class="totop"><a href="#summary">back to summary</a></p>
<h3 id="m3">TestCases.HeroHomePageTest#Hero_ContextMenu</h3><table class="result"><tr><th class="invisible"/></tr></table><p class="totop"><a href="#summary">back to summary</a></p>
</body>
</html>
